
**** Build of configuration Debug for project APPTEAM_BLE_APP_FLASHROM ****

"C:\\ti\\ccsv7\\utils\\bin\\gmake" -k -j 4 all -O 
'Building target: APPTEAM_BLE_APP_FLASHROM.out'
'Invoking: ARM Linker'
"C:/ti/ccsv7/tools/compiler/ti-cgt-arm_16.9.4.LTS/bin/armcl" --cmd_file="C:/ti/simplelink_cc13x0_sdk_1_50_00_08/source/ti/blestack/config/build_components.opt" --cmd_file="C:/ti/simplelink_cc13x0_sdk_1_50_00_08/examples/rtos/CC1350_LAUNCHXL/blestack/simple_peripheral/tirtos/iar/stack/build_config.opt" --cmd_file="E:/MEMSTECH/Current Project/Github/wearableDeviceProject/CC1350/simple_peripheral_cc1350lp_stack_FlashROM/TOOLS/ccs_compiler_defines.bcfg"  -mv7M3 --code_state=16 -me -O4 --opt_for_speed=0 --define=BOARD_DISPLAY_EXCLUDE_UART --define=CC1350_LAUNCHXL --define=CC13XX --define=DeviceFamily_CC13X0 --define=Display_DISABLE_ALL --define=HEAPMGR_SIZE=0 --define=ICALL_MAX_NUM_ENTITIES=6 --define=ICALL_MAX_NUM_TASKS=3 --define=POWER_SAVING --define=USE_ICALL --define=USE_CORE_SDK --define=xBOARD_DISPLAY_EXCLUDE_LCD --define=xdc_runtime_Assert_DISABLE_ALL --define=xdc_runtime_Log_DISABLE_ALL -g --c99 --gcc --diag_warning=225 --diag_wrap=off --display_error_number --gen_func_subsections=on --abi=eabi -z -m"APPTEAM_BLE_APP_FLASHROM.map" --heap_size=0 --stack_size=256 -i"C:/ti/ccsv7/tools/compiler/ti-cgt-arm_16.9.4.LTS/lib" -i"C:/ti/ccsv7/tools/compiler/ti-cgt-arm_16.9.4.LTS/include" --reread_libs --diag_suppress=16002-D --diag_suppress=10247-D --diag_suppress=10325-D --diag_suppress=16032-D --diag_wrap=off --display_error_number --warn_sections --xml_link_info="APPTEAM_BLE_APP_FLASHROM_linkInfo.xml" --rom_model -o "APPTEAM_BLE_APP_FLASHROM.out" "./Application/OledDisplay/Adafruit_GFX.obj" "./Application/OledDisplay/Adafruit_SSD1306.obj" "./Application/OledDisplay/WDsDisplay.obj" "./Application/OledDisplay/minitransfer.obj" "./Application/bigtime.obj" "./Application/heart_rate.obj" "./Application/util.obj" "./Application/wearableDevice.obj" "./Application/devices/dvMMA9553.obj" "./Application/devices/i2ctransfer/i2ctransfer.obj" "./Drivers/ECC/ECCROMCC26XX.obj" "./Drivers/TRNG/TRNGCC26XX.obj" "./ICall/icall.obj" "./ICall/icall_cc2650.obj" "./ICallBLE/ble_user_config.obj" "./ICallBLE/icall_api.obj" "./PROFILES/accelerometer.obj" "./PROFILES/battservice.obj" "./PROFILES/devinfoservice.obj" "./PROFILES/gatt_uuid.obj" "./PROFILES/gattservapp_util.obj" "./PROFILES/heartrateservice.obj" "./PROFILES/hiddev.obj" "./PROFILES/peripheral.obj" "./PROFILES/runningservice.obj" "./PROFILES/scanparamservice.obj" "./PROFILES/simple_gatt_profile.obj" "./Startup/board.obj" "./Startup/ccfg_app_ble.obj" "./Startup/main.obj" -l"configPkg/linker.cmd" -llibc.a -l"C:/ti/simplelink_cc13x0_sdk_1_50_00_08/source/ti/drivers/lib/drivers_cc13x0.aem3" -l"C:/ti/simplelink_cc13x0_sdk_1_50_00_08/kernel/tirtos/packages/ti/dpl/lib/dpl_cc13x0.aem3" -l"C:/ti/simplelink_cc13x0_sdk_1_50_00_08/source/ti/devices/cc13x0/driverlib/bin/ccs/driverlib.lib" -l"C:/ti/simplelink_cc13x0_sdk_1_50_00_08/source/ti/drivers/rf/lib/rf_multiMode_cc13x0.arm3" -l"C:/ti/simplelink_cc13x0_sdk_1_50_00_08/source/ti/blestack/rom/common_rom_releases/03282014/common_rom.symbols" -l"E:/MEMSTECH/Current Project/Github/wearableDeviceProject/CC1350/simple_peripheral_cc1350lp_stack_FlashROM/TOOLS/ccs_linker_defines.cmd" -l"C:/ti/simplelink_cc13x0_sdk_1_50_00_08/source/ti/blestack/common/cc26xx/ccs/cc26xx_app.cmd" -llibc.a 
<Linking>
error: symbol "GAPRole_createTask" redeclared with incompatible type:
   "int [ExplSign]()"
   in "../Startup/main.c" at line 176 and:
   "void()"
   in "../PROFILES/peripheral.c" at line 825)

>> Compilation failure

>> Compilation failure

>> Compilation failure
makefile:200: recipe for target 'APPTEAM_BLE_APP_FLASHROM.out' failed
fatal error #10192: Failed linktime optimization
gmake[1]: *** [APPTEAM_BLE_APP_FLASHROM.out] Error 1
gmake: *** [all] Error 2
makefile:193: recipe for target 'all' failed

**** Build Finished ****
